2020-01-14 22:56:51 INFO  [dimples-zuul,,,] main org.springframework.context.support.PostProcessorRegistrationDelegate$BeanPostProcessorChecker Bean 'org.springframework.cloud.autoconfigure.ConfigurationPropertiesRebinderAutoConfiguration' of type [org.springframework.cloud.autoconfigure.ConfigurationPropertiesRebinderAutoConfiguration] is not eligible for getting processed by all BeanPostProcessors (for example: not eligible for auto-proxying)
2020-01-14 22:56:52 INFO  [dimples-zuul,,,] main com.alibaba.cloud.nacos.client.NacosPropertySourceBuilder Loading nacos data, dataId: 'dimples-zuul-dev.yaml', group: 'DEFAULT_GROUP', data: server:
    port: 7002
zuul:
  routes:
    auth:
      path: /auth/**
      serviceId: dimples-auth
      sensitiveHeaders: "*"
    sys:
      path: /sys/**
      serviceId: dimples-sys
      sensitiveHeaders: "*"
    test:
      path: /test/**
      serviceId: dimples-server-test
      sensitiveHeaders: "*"
  retryable: true
  ignored-services: "*"
  ribbon:
    eager-load:
      enabled: true
  SendErrorFilter:
    error:
      disable: true
ribbon:
  ReadTimeout: 6000
spring: 
  boot:
      admin:
        client:
          url: http://localhost:7007
          username: dimples
          password: 123456
          instance:
            prefer-ip: true
info:
  app:
    name: ${spring.application.name}
    description: '@project.description@'
    version: '@project.version@'
management:
  endpoints:
    web:
      exposure:
        include: '*'
  endpoint:
    health:
      show-details: ALWAYS
2020-01-14 22:56:52 INFO  [dimples-zuul,,,] main org.springframework.cloud.bootstrap.config.PropertySourceBootstrapConfiguration Located property source: CompositePropertySource {name='NACOS', propertySources=[NacosPropertySource {name='dimples-zuul-dev.yaml'}, NacosPropertySource {name='dimples-zuul.yaml'}, NacosPropertySource {name='dimples-zuul'}]}
2020-01-14 22:56:52 INFO  [dimples-zuul,,,] main com.dimples.zuul.ZuulApplication The following profiles are active: dev
2020-01-14 22:56:53 INFO  [dimples-zuul,,,] main org.springframework.cloud.context.scope.GenericScope BeanFactory id=5611cf19-ed11-38a2-8d69-896fe4dd379e
2020-01-14 22:56:53 INFO  [dimples-zuul,,,] main org.springframework.context.support.PostProcessorRegistrationDelegate$BeanPostProcessorChecker Bean 'org.springframework.cloud.autoconfigure.ConfigurationPropertiesRebinderAutoConfiguration' of type [org.springframework.cloud.autoconfigure.ConfigurationPropertiesRebinderAutoConfiguration] is not eligible for getting processed by all BeanPostProcessors (for example: not eligible for auto-proxying)
2020-01-14 22:56:53 INFO  [dimples-zuul,,,] main org.springframework.boot.web.embedded.tomcat.TomcatWebServer Tomcat initialized with port(s): 7002 (http)
2020-01-14 22:56:53 INFO  [dimples-zuul,,,] main org.apache.coyote.http11.Http11NioProtocol Initializing ProtocolHandler ["http-nio-7002"]
2020-01-14 22:56:53 INFO  [dimples-zuul,,,] main org.apache.catalina.core.StandardService Starting service [Tomcat]
2020-01-14 22:56:53 INFO  [dimples-zuul,,,] main org.apache.catalina.core.StandardEngine Starting Servlet engine: [Apache Tomcat/9.0.27]
2020-01-14 22:56:54 INFO  [dimples-zuul,,,] main org.apache.catalina.core.ContainerBase.[Tomcat].[localhost].[/] Initializing Spring embedded WebApplicationContext
2020-01-14 22:56:54 INFO  [dimples-zuul,,,] main org.springframework.web.context.ContextLoader Root WebApplicationContext: initialization completed in 1454 ms
2020-01-14 22:56:54 INFO  [dimples-zuul,,,] main com.netflix.config.sources.URLConfigurationSource To enable URLs as dynamic configuration sources, define System property archaius.configurationSource.additionalUrls or make config.properties available on classpath.
2020-01-14 22:56:54 INFO  [dimples-zuul,,,] main com.netflix.config.DynamicPropertyFactory DynamicPropertyFactory is initialized with configuration sources: com.netflix.config.ConcurrentCompositeConfiguration@149b0577
2020-01-14 22:56:56 INFO  [dimples-zuul,,,] main org.springframework.boot.actuate.endpoint.web.ServletEndpointRegistrar Registered '/actuator/jolokia' to jolokia-actuator-endpoint
2020-01-14 22:56:56 INFO  [dimples-zuul,,,] main org.springframework.boot.actuate.endpoint.web.ServletEndpointRegistrar Registered '/actuator/hystrix.stream' to hystrix.stream-actuator-endpoint
2020-01-14 22:56:56 INFO  [dimples-zuul,,,] main org.springframework.boot.autoconfigure.security.servlet.UserDetailsServiceAutoConfiguration 

Using generated security password: 559fcce4-7848-4c6e-a756-7ba527f294d5

2020-01-14 22:56:56 INFO  [dimples-zuul,,,] main org.springframework.security.web.DefaultSecurityFilterChain Creating filter chain: any request, [org.springframework.security.web.context.request.async.WebAsyncManagerIntegrationFilter@667dcaad, org.springframework.security.web.context.SecurityContextPersistenceFilter@2a2dc0a, org.springframework.security.web.header.HeaderWriterFilter@1946384, org.springframework.security.web.authentication.logout.LogoutFilter@66fbc5e7, org.springframework.security.web.savedrequest.RequestCacheAwareFilter@36ef1d65, org.springframework.security.web.servletapi.SecurityContextHolderAwareRequestFilter@526e8108, org.springframework.security.web.authentication.AnonymousAuthenticationFilter@22d7fd41, org.springframework.security.web.session.SessionManagementFilter@16a5c7e4, org.springframework.security.web.access.ExceptionTranslationFilter@5482bcac, org.springframework.security.web.access.intercept.FilterSecurityInterceptor@270a620]
2020-01-14 22:56:56 INFO  [dimples-zuul,,,] main com.netflix.config.sources.URLConfigurationSource To enable URLs as dynamic configuration sources, define System property archaius.configurationSource.additionalUrls or make config.properties available on classpath.
2020-01-14 22:56:57 INFO  [dimples-zuul,,,] main org.springframework.scheduling.concurrent.ThreadPoolTaskExecutor Initializing ExecutorService 'applicationTaskExecutor'
2020-01-14 22:56:57 INFO  [dimples-zuul,,,] main org.springframework.scheduling.concurrent.ThreadPoolTaskScheduler Initializing ExecutorService
2020-01-14 22:56:57 INFO  [dimples-zuul,,,] main org.springframework.scheduling.concurrent.ThreadPoolTaskScheduler Initializing ExecutorService
2020-01-14 22:56:58 INFO  [dimples-zuul,,,] main org.springframework.cloud.netflix.zuul.ZuulFilterInitializer Starting filter initializer
2020-01-14 22:56:58 INFO  [dimples-zuul,,,] main org.springframework.boot.actuate.endpoint.web.EndpointLinksResolver Exposing 24 endpoint(s) beneath base path '/actuator'
2020-01-14 22:56:58 INFO  [dimples-zuul,,,] main org.apache.coyote.http11.Http11NioProtocol Starting ProtocolHandler ["http-nio-7002"]
2020-01-14 22:56:58 INFO  [dimples-zuul,,,] main org.springframework.boot.web.embedded.tomcat.TomcatWebServer Tomcat started on port(s): 7002 (http) with context path ''
2020-01-14 22:56:59 INFO  [dimples-zuul,,,] main com.alibaba.cloud.nacos.registry.NacosServiceRegistry nacos registry, DEFAULT_GROUP dimples-zuul 172.16.127.1:7002 register finished
2020-01-14 22:57:00 INFO  [dimples-zuul,,,] main com.dimples.zuul.ZuulApplication Started ZuulApplication in 10.949 seconds (JVM running for 12.525)
2020-01-14 22:57:00 INFO  [dimples-zuul,,,] main com.netflix.config.ChainedDynamicProperty Flipping property: dimples-auth.ribbon.ActiveConnectionsLimit to use NEXT property: niws.loadbalancer.availabilityFilteringRule.activeConnectionsLimit = 2147483647
2020-01-14 22:57:00 INFO  [dimples-zuul,,,] main com.netflix.loadbalancer.BaseLoadBalancer Client: dimples-auth instantiated a LoadBalancer: DynamicServerListLoadBalancer:{NFLoadBalancer:name=dimples-auth,current list of Servers=[],Load balancer stats=Zone stats: {},Server stats: []}ServerList:null
2020-01-14 22:57:00 INFO  [dimples-zuul,,,] main com.netflix.loadbalancer.DynamicServerListLoadBalancer Using serverListUpdater PollingServerListUpdater
2020-01-14 22:57:00 INFO  [dimples-zuul,,,] main com.netflix.loadbalancer.DynamicServerListLoadBalancer DynamicServerListLoadBalancer for client dimples-auth initialized: DynamicServerListLoadBalancer:{NFLoadBalancer:name=dimples-auth,current list of Servers=[],Load balancer stats=Zone stats: {},Server stats: []}ServerList:com.alibaba.cloud.nacos.ribbon.NacosServerList@1689527c
2020-01-14 22:57:00 INFO  [dimples-zuul,,,] main com.netflix.config.ChainedDynamicProperty Flipping property: dimples-server-test.ribbon.ActiveConnectionsLimit to use NEXT property: niws.loadbalancer.availabilityFilteringRule.activeConnectionsLimit = 2147483647
2020-01-14 22:57:00 INFO  [dimples-zuul,,,] main com.netflix.loadbalancer.BaseLoadBalancer Client: dimples-server-test instantiated a LoadBalancer: DynamicServerListLoadBalancer:{NFLoadBalancer:name=dimples-server-test,current list of Servers=[],Load balancer stats=Zone stats: {},Server stats: []}ServerList:null
2020-01-14 22:57:00 INFO  [dimples-zuul,,,] main com.netflix.loadbalancer.DynamicServerListLoadBalancer Using serverListUpdater PollingServerListUpdater
2020-01-14 22:57:00 INFO  [dimples-zuul,,,] main com.netflix.loadbalancer.DynamicServerListLoadBalancer DynamicServerListLoadBalancer for client dimples-server-test initialized: DynamicServerListLoadBalancer:{NFLoadBalancer:name=dimples-server-test,current list of Servers=[],Load balancer stats=Zone stats: {},Server stats: []}ServerList:com.alibaba.cloud.nacos.ribbon.NacosServerList@40c76f5a
2020-01-14 22:57:00 INFO  [dimples-zuul,,,] main com.netflix.config.ChainedDynamicProperty Flipping property: dimples-sys.ribbon.ActiveConnectionsLimit to use NEXT property: niws.loadbalancer.availabilityFilteringRule.activeConnectionsLimit = 2147483647
2020-01-14 22:57:00 INFO  [dimples-zuul,,,] main com.netflix.loadbalancer.BaseLoadBalancer Client: dimples-sys instantiated a LoadBalancer: DynamicServerListLoadBalancer:{NFLoadBalancer:name=dimples-sys,current list of Servers=[],Load balancer stats=Zone stats: {},Server stats: []}ServerList:null
2020-01-14 22:57:00 INFO  [dimples-zuul,,,] main com.netflix.loadbalancer.DynamicServerListLoadBalancer Using serverListUpdater PollingServerListUpdater
2020-01-14 22:57:00 INFO  [dimples-zuul,,,] main com.netflix.loadbalancer.DynamicServerListLoadBalancer DynamicServerListLoadBalancer for client dimples-sys initialized: DynamicServerListLoadBalancer:{NFLoadBalancer:name=dimples-sys,current list of Servers=[],Load balancer stats=Zone stats: {},Server stats: []}ServerList:com.alibaba.cloud.nacos.ribbon.NacosServerList@6121a7dd
2020-01-14 22:57:00 INFO  [dimples-zuul,,,] main com.dimples.zuul.ZuulApplication *****************Zuul 程序已启动******************
2020-01-14 22:57:01 INFO  [dimples-zuul,,,] RMI TCP Connection(5)-192.168.137.1 org.apache.catalina.core.ContainerBase.[Tomcat].[localhost].[/] Initializing Spring DispatcherServlet 'dispatcherServlet'
2020-01-14 22:57:01 INFO  [dimples-zuul,,,] RMI TCP Connection(5)-192.168.137.1 org.springframework.web.servlet.DispatcherServlet Initializing Servlet 'dispatcherServlet'
2020-01-14 22:57:01 INFO  [dimples-zuul,,,] RMI TCP Connection(5)-192.168.137.1 org.springframework.web.servlet.DispatcherServlet Completed initialization in 9 ms
