2020-01-14 23:00:17 INFO  [dimples-auth,,,] main org.springframework.context.support.PostProcessorRegistrationDelegate$BeanPostProcessorChecker Bean 'org.springframework.cloud.autoconfigure.ConfigurationPropertiesRebinderAutoConfiguration' of type [org.springframework.cloud.autoconfigure.ConfigurationPropertiesRebinderAutoConfiguration] is not eligible for getting processed by all BeanPostProcessors (for example: not eligible for auto-proxying)
2020-01-14 23:00:18 INFO  [dimples-auth,,,] main com.alibaba.cloud.nacos.client.NacosPropertySourceBuilder Loading nacos data, dataId: 'dimples-auth-dev.yaml', group: 'DEFAULT_GROUP', data: server:
  port: 7000
spring:
  jackson:
    date-format: yyyy-MM-dd HH:mm:ss
    time-zone: GMT+8
  datasource:
    dynamic:
      hikari:
        connection-timeout: 30000
        max-lifetime: 1800000
        max-pool-size: 15
        min-idle: 5
        connection-test-query: select 1
        pool-name: DimplesHikariCP
      primary: base
      datasource:
        base:
          username: root
          password: ZHONG9602.class
          driver-class-name: com.mysql.cj.jdbc.Driver
          url: jdbc:mysql://127.0.0.1:3306/db_dimples_cloud?useUnicode=true&characterEncoding=utf-8&serverTimezone=Asia/Shanghai&useSSL=true
        sys: 
          username: root
          password: ZHONG9602.class
          driver-class-name: com.mysql.cj.jdbc.Driver
          url: jdbc:mysql://127.0.0.1:3306/db_base_permission?useUnicode=true&characterEncoding=utf-8&serverTimezone=Asia/Shanghai&useSSL=true
  boot:
    admin:
      client:
        url: http://localhost:7007
        username: dimples
        password: 123456
        instance:
          prefer-ip: true
info:
  app:
    name: ${spring.application.name}
    description: '@project.description@'
    version: '@project.version@'
management:
  endpoints:
    web:
      exposure:
        include: '*'
  endpoint:
    health:
      show-details: ALWAYS
mybatis-plus:
  type-aliases-package: com.dimples.auth.po
  mapper-locations: classpath:mapper/*.xml
  configuration:
    jdbc-type-for-null: null
  global-config:
    banner: false
  redis:
    database: 0
    host: 127.0.0.1
    port: 6379
    lettuce:
      pool:
        min-idle: 8
        max-idle: 500
        max-active: 2000
        max-wait: 10000
    timeout: 5000
logging:
  level:
    com:
      alibaba:
        nacos:
          client:
            naming: error
2020-01-14 23:00:18 INFO  [dimples-auth,,,] main org.springframework.cloud.bootstrap.config.PropertySourceBootstrapConfiguration Located property source: CompositePropertySource {name='NACOS', propertySources=[NacosPropertySource {name='dimples-auth-dev.yaml'}, NacosPropertySource {name='dimples-auth.yaml'}, NacosPropertySource {name='dimples-auth'}]}
2020-01-14 23:00:19 INFO  [dimples-auth,,,] main com.dimples.auth.AuthApplication The following profiles are active: dev
2020-01-14 23:00:20 INFO  [dimples-auth,,,] main org.springframework.data.repository.config.RepositoryConfigurationDelegate Multiple Spring Data modules found, entering strict repository configuration mode!
2020-01-14 23:00:20 INFO  [dimples-auth,,,] main org.springframework.data.repository.config.RepositoryConfigurationDelegate Bootstrapping Spring Data repositories in DEFAULT mode.
2020-01-14 23:00:20 INFO  [dimples-auth,,,] main org.springframework.data.repository.config.RepositoryConfigurationDelegate Finished Spring Data repository scanning in 13ms. Found 0 repository interfaces.
2020-01-14 23:00:20 INFO  [dimples-auth,,,] main org.springframework.cloud.context.scope.GenericScope BeanFactory id=3245ef84-f4ce-362b-8282-9666e3fc5ebc
2020-01-14 23:00:21 INFO  [dimples-auth,,,] main org.springframework.context.support.PostProcessorRegistrationDelegate$BeanPostProcessorChecker Bean 'org.springframework.transaction.annotation.ProxyTransactionManagementConfiguration' of type [org.springframework.transaction.annotation.ProxyTransactionManagementConfiguration] is not eligible for getting processed by all BeanPostProcessors (for example: not eligible for auto-proxying)
2020-01-14 23:00:21 INFO  [dimples-auth,,,] main org.springframework.context.support.PostProcessorRegistrationDelegate$BeanPostProcessorChecker Bean 'spring.datasource.dynamic-com.baomidou.dynamic.datasource.spring.boot.autoconfigure.DynamicDataSourceProperties' of type [com.baomidou.dynamic.datasource.spring.boot.autoconfigure.DynamicDataSourceProperties] is not eligible for getting processed by all BeanPostProcessors (for example: not eligible for auto-proxying)
2020-01-14 23:00:21 INFO  [dimples-auth,,,] main org.springframework.context.support.PostProcessorRegistrationDelegate$BeanPostProcessorChecker Bean 'com.baomidou.dynamic.datasource.spring.boot.autoconfigure.DynamicDataSourceAutoConfiguration' of type [com.baomidou.dynamic.datasource.spring.boot.autoconfigure.DynamicDataSourceAutoConfiguration$$EnhancerBySpringCGLIB$$1cc5f6cf] is not eligible for getting processed by all BeanPostProcessors (for example: not eligible for auto-proxying)
2020-01-14 23:00:21 INFO  [dimples-auth,,,] main org.springframework.context.support.PostProcessorRegistrationDelegate$BeanPostProcessorChecker Bean 'dsProcessor' of type [com.baomidou.dynamic.datasource.processor.DsHeaderProcessor] is not eligible for getting processed by all BeanPostProcessors (for example: not eligible for auto-proxying)
2020-01-14 23:00:21 INFO  [dimples-auth,,,] main org.springframework.context.support.PostProcessorRegistrationDelegate$BeanPostProcessorChecker Bean 'dynamicDatasourceAnnotationAdvisor' of type [com.baomidou.dynamic.datasource.aop.DynamicDataSourceAnnotationAdvisor] is not eligible for getting processed by all BeanPostProcessors (for example: not eligible for auto-proxying)
2020-01-14 23:00:21 INFO  [dimples-auth,,,] main org.springframework.context.support.PostProcessorRegistrationDelegate$BeanPostProcessorChecker Bean 'org.springframework.cloud.autoconfigure.ConfigurationPropertiesRebinderAutoConfiguration' of type [org.springframework.cloud.autoconfigure.ConfigurationPropertiesRebinderAutoConfiguration] is not eligible for getting processed by all BeanPostProcessors (for example: not eligible for auto-proxying)
2020-01-14 23:00:21 INFO  [dimples-auth,,,] main org.springframework.boot.web.embedded.tomcat.TomcatWebServer Tomcat initialized with port(s): 7000 (http)
2020-01-14 23:00:21 INFO  [dimples-auth,,,] main org.apache.coyote.http11.Http11NioProtocol Initializing ProtocolHandler ["http-nio-7000"]
2020-01-14 23:00:21 INFO  [dimples-auth,,,] main org.apache.catalina.core.StandardService Starting service [Tomcat]
2020-01-14 23:00:21 INFO  [dimples-auth,,,] main org.apache.catalina.core.StandardEngine Starting Servlet engine: [Apache Tomcat/9.0.27]
2020-01-14 23:00:21 INFO  [dimples-auth,,,] main org.apache.catalina.core.ContainerBase.[Tomcat].[localhost].[/] Initializing Spring embedded WebApplicationContext
2020-01-14 23:00:21 INFO  [dimples-auth,,,] main org.springframework.web.context.ContextLoader Root WebApplicationContext: initialization completed in 2311 ms
2020-01-14 23:00:21 INFO  [dimples-auth,,,] main com.netflix.config.sources.URLConfigurationSource To enable URLs as dynamic configuration sources, define System property archaius.configurationSource.additionalUrls or make config.properties available on classpath.
2020-01-14 23:00:21 INFO  [dimples-auth,,,] main com.netflix.config.DynamicPropertyFactory DynamicPropertyFactory is initialized with configuration sources: com.netflix.config.ConcurrentCompositeConfiguration@25a7fedf
2020-01-14 23:00:22 INFO  [dimples-auth,,,] main com.zaxxer.hikari.HikariDataSource sys - Starting...
2020-01-14 23:00:22 INFO  [dimples-auth,,,] main com.zaxxer.hikari.HikariDataSource sys - Start completed.
2020-01-14 23:00:22 INFO  [dimples-auth,,,] main com.zaxxer.hikari.HikariDataSource base - Starting...
2020-01-14 23:00:22 INFO  [dimples-auth,,,] main com.zaxxer.hikari.HikariDataSource base - Start completed.
2020-01-14 23:00:22 INFO  [dimples-auth,,,] main com.baomidou.dynamic.datasource.DynamicRoutingDataSource dynamic-datasource - load a datasource named [sys] success
2020-01-14 23:00:22 INFO  [dimples-auth,,,] main com.baomidou.dynamic.datasource.DynamicRoutingDataSource dynamic-datasource - load a datasource named [base] success
2020-01-14 23:00:22 INFO  [dimples-auth,,,] main com.baomidou.dynamic.datasource.DynamicRoutingDataSource dynamic-datasource initial loaded [2] datasource,primary datasource named [base]
2020-01-14 23:00:23 INFO  [dimples-auth,,,] main org.springframework.boot.actuate.endpoint.web.ServletEndpointRegistrar Registered '/actuator/jolokia' to jolokia-actuator-endpoint
2020-01-14 23:00:24 INFO  [dimples-auth,,,] main com.dimples.auth.configure.Auth2ResourceServerConfig ============ Auth模块资源服务器免认证配置：[/actuator/**, /captcha, /social/**, /test/**]
2020-01-14 23:00:24 INFO  [dimples-auth,,,] main org.springframework.security.web.DefaultSecurityFilterChain Creating filter chain: OrRequestMatcher [requestMatchers=[Ant [pattern='/oauth/token'], Ant [pattern='/oauth/token_key'], Ant [pattern='/oauth/check_token']]], [org.springframework.security.web.context.request.async.WebAsyncManagerIntegrationFilter@2c815fdc, org.springframework.security.web.context.SecurityContextPersistenceFilter@68d8eb4f, org.springframework.security.web.header.HeaderWriterFilter@7bc2bb58, org.springframework.security.web.authentication.logout.LogoutFilter@5a6195b8, org.springframework.security.web.authentication.www.BasicAuthenticationFilter@38e00b47, org.springframework.security.web.savedrequest.RequestCacheAwareFilter@4813d0, org.springframework.security.web.servletapi.SecurityContextHolderAwareRequestFilter@66ab924, org.springframework.security.web.authentication.AnonymousAuthenticationFilter@769b0752, org.springframework.security.web.session.SessionManagementFilter@45c423b3, org.springframework.security.web.access.ExceptionTranslationFilter@2404abe2, org.springframework.security.web.access.intercept.FilterSecurityInterceptor@2a667f44]
2020-01-14 23:00:24 INFO  [dimples-auth,,,] main org.springframework.security.web.DefaultSecurityFilterChain Creating filter chain: OrRequestMatcher [requestMatchers=[Ant [pattern='/oauth/**']]], [org.springframework.security.web.context.request.async.WebAsyncManagerIntegrationFilter@7417ef4f, org.springframework.security.web.context.SecurityContextPersistenceFilter@466fedfa, org.springframework.security.web.header.HeaderWriterFilter@429e7914, org.springframework.security.web.authentication.logout.LogoutFilter@280484c7, org.springframework.security.web.savedrequest.RequestCacheAwareFilter@1a7d0c9f, org.springframework.security.web.servletapi.SecurityContextHolderAwareRequestFilter@2b1a901d, org.springframework.security.web.authentication.AnonymousAuthenticationFilter@5c0e2ec, org.springframework.security.web.session.SessionManagementFilter@298263fa, org.springframework.security.web.access.ExceptionTranslationFilter@6e364f1f, org.springframework.security.web.access.intercept.FilterSecurityInterceptor@553ce348]
2020-01-14 23:00:24 INFO  [dimples-auth,,,] main org.springframework.security.web.DefaultSecurityFilterChain Creating filter chain: OrRequestMatcher [requestMatchers=[Ant [pattern='/**']]], [org.springframework.security.web.context.request.async.WebAsyncManagerIntegrationFilter@66b6873f, org.springframework.security.web.context.SecurityContextPersistenceFilter@528e5e38, org.springframework.security.web.header.HeaderWriterFilter@55e42684, org.springframework.security.web.authentication.logout.LogoutFilter@6abb7b7d, org.springframework.security.oauth2.provider.authentication.OAuth2AuthenticationProcessingFilter@1ed9d173, org.springframework.security.web.authentication.www.BasicAuthenticationFilter@146f3d22, org.springframework.security.web.savedrequest.RequestCacheAwareFilter@16391278, org.springframework.security.web.servletapi.SecurityContextHolderAwareRequestFilter@621dc63d, org.springframework.security.web.authentication.AnonymousAuthenticationFilter@52285a5f, org.springframework.security.web.session.SessionManagementFilter@18d610e1, org.springframework.security.web.access.ExceptionTranslationFilter@305e95a4, org.springframework.security.web.access.intercept.FilterSecurityInterceptor@4b32465]
2020-01-14 23:00:24 INFO  [dimples-auth,,,] main com.netflix.config.sources.URLConfigurationSource To enable URLs as dynamic configuration sources, define System property archaius.configurationSource.additionalUrls or make config.properties available on classpath.
2020-01-14 23:00:25 INFO  [dimples-auth,,,] main org.springframework.scheduling.concurrent.ThreadPoolTaskExecutor Initializing ExecutorService 'applicationTaskExecutor'
2020-01-14 23:00:25 INFO  [dimples-auth,,,] main org.springframework.scheduling.concurrent.ThreadPoolTaskScheduler Initializing ExecutorService
2020-01-14 23:00:25 INFO  [dimples-auth,,,] main org.springframework.scheduling.concurrent.ThreadPoolTaskScheduler Initializing ExecutorService
2020-01-14 23:00:27 INFO  [dimples-auth,,,] main org.springframework.boot.actuate.endpoint.web.EndpointLinksResolver Exposing 21 endpoint(s) beneath base path '/actuator'
2020-01-14 23:00:27 INFO  [dimples-auth,,,] main org.apache.coyote.http11.Http11NioProtocol Starting ProtocolHandler ["http-nio-7000"]
2020-01-14 23:00:27 INFO  [dimples-auth,,,] main org.springframework.boot.web.embedded.tomcat.TomcatWebServer Tomcat started on port(s): 7000 (http) with context path ''
2020-01-14 23:00:28 INFO  [dimples-auth,,,] main com.alibaba.cloud.nacos.registry.NacosServiceRegistry nacos registry, DEFAULT_GROUP dimples-auth 172.16.127.1:7000 register finished
2020-01-14 23:00:29 INFO  [dimples-auth,,,] main com.dimples.auth.AuthApplication Started AuthApplication in 13.864 seconds (JVM running for 15.709)
2020-01-14 23:00:29 INFO  [dimples-auth,,,] main com.alibaba.nacos.client.config.impl.ClientWorker [fixed-139.9.220.155_8848] [subscribe] dimples-auth+DEFAULT_GROUP
2020-01-14 23:00:29 INFO  [dimples-auth,,,] main com.alibaba.nacos.client.config.impl.CacheData [fixed-139.9.220.155_8848] [add-listener] ok, tenant=, dataId=dimples-auth, group=DEFAULT_GROUP, cnt=1
2020-01-14 23:00:29 INFO  [dimples-auth,,,] main com.alibaba.nacos.client.config.impl.ClientWorker [fixed-139.9.220.155_8848] [subscribe] dimples-auth-dev.yaml+DEFAULT_GROUP
2020-01-14 23:00:29 INFO  [dimples-auth,,,] main com.alibaba.nacos.client.config.impl.CacheData [fixed-139.9.220.155_8848] [add-listener] ok, tenant=, dataId=dimples-auth-dev.yaml, group=DEFAULT_GROUP, cnt=1
2020-01-14 23:00:29 INFO  [dimples-auth,,,] main com.alibaba.nacos.client.config.impl.ClientWorker [fixed-139.9.220.155_8848] [subscribe] dimples-auth.yaml+DEFAULT_GROUP
2020-01-14 23:00:29 INFO  [dimples-auth,,,] main com.alibaba.nacos.client.config.impl.CacheData [fixed-139.9.220.155_8848] [add-listener] ok, tenant=, dataId=dimples-auth.yaml, group=DEFAULT_GROUP, cnt=1
2020-01-14 23:00:29 INFO  [dimples-auth,,,] main com.dimples.auth.AuthApplication ***************** 程序已启动 ******************
2020-01-14 23:00:29 INFO  [dimples-auth,,,] RMI TCP Connection(1)-192.168.137.1 org.apache.catalina.core.ContainerBase.[Tomcat].[localhost].[/] Initializing Spring DispatcherServlet 'dispatcherServlet'
2020-01-14 23:00:29 INFO  [dimples-auth,,,] RMI TCP Connection(1)-192.168.137.1 org.springframework.web.servlet.DispatcherServlet Initializing Servlet 'dispatcherServlet'
2020-01-14 23:00:29 INFO  [dimples-auth,,,] RMI TCP Connection(1)-192.168.137.1 org.springframework.web.servlet.DispatcherServlet Completed initialization in 6 ms
2020-01-14 23:00:31 INFO  [dimples-auth,,,] RMI TCP Connection(3)-192.168.137.1 io.lettuce.core.EpollProvider Starting without optional epoll library
2020-01-14 23:00:31 INFO  [dimples-auth,,,] RMI TCP Connection(3)-192.168.137.1 io.lettuce.core.KqueueProvider Starting without optional kqueue library
